<?xml version="1.0" encoding="UTF-8"?>
<testsuite name="com.example.ringapp.domain.engine.ScheduleEngineTest" tests="2" skipped="0" failures="0" errors="0" timestamp="2026-09-07T15:30:36.693Z" hostname="LAPTOP-F8B4MOBO" time="0.046">
  <properties/>
  <testcase name="weeklyScheduleMatchesConfiguredDays" classname="com.example.ringapp.domain.engine.ScheduleEngineTest" time="0.045"/>
  <testcase name="nextOccurrenceFindsFollowingConfiguredDay" classname="com.example.ringapp.domain.engine.ScheduleEngineTest" time="0.001"/>
  <system-out><![CDATA[]]></system-out>
  <system-err><![CDATA[]]></system-err>
</testsuite>
