<?xml version="1.0" encoding="UTF-8"?>
<testsuite name="com.example.ringapp.domain.engine.GamificationEngineTest" tests="4" skipped="0" failures="0" errors="0" timestamp="2026-09-07T15:30:36.659Z" hostname="LAPTOP-F8B4MOBO" time="0.009">
  <properties/>
  <testcase name="creationCostsArePredictable" classname="com.example.ringapp.domain.engine.GamificationEngineTest" time="0.005"/>
  <testcase name="completedTaskRewardsTwoPoints" classname="com.example.ringapp.domain.engine.GamificationEngineTest" time="0.0"/>
  <testcase name="incompleteHabitHasNoReward" classname="com.example.ringapp.domain.engine.GamificationEngineTest" time="0.001"/>
  <testcase name="completedHabitRewardsFourPoints" classname="com.example.ringapp.domain.engine.GamificationEngineTest" time="0.0"/>
  <system-out><![CDATA[]]></system-out>
  <system-err><![CDATA[]]></system-err>
</testsuite>
