<?xml version="1.0" encoding="UTF-8"?>
<testsuite name="com.example.ringapp.domain.engine.LevelCalculatorTest" tests="3" skipped="0" failures="0" errors="0" timestamp="2026-09-07T15:30:36.676Z" hostname="LAPTOP-F8B4MOBO" time="0.006">
  <properties/>
  <testcase name="levelNeverDecreasesForHigherXp" classname="com.example.ringapp.domain.engine.LevelCalculatorTest" time="0.002"/>
  <testcase name="levelStartsAtOneBeforeSecondThreshold" classname="com.example.ringapp.domain.engine.LevelCalculatorTest" time="0.001"/>
  <testcase name="levelAdvancesAtThreshold" classname="com.example.ringapp.domain.engine.LevelCalculatorTest" time="0.001"/>
  <system-out><![CDATA[]]></system-out>
  <system-err><![CDATA[]]></system-err>
</testsuite>
