<?xml version="1.0" encoding="UTF-8"?>
<testsuite name="com.example.ringapp.domain.engine.AnalyticsEngineTest" tests="3" skipped="0" failures="0" errors="0" timestamp="2026-09-07T15:30:36.595Z" hostname="LAPTOP-F8B4MOBO" time="0.051">
  <properties/>
  <testcase name="growthComparesComparableScores" classname="com.example.ringapp.domain.engine.AnalyticsEngineTest" time="0.006"/>
  <testcase name="completionRateHandlesEmptyInput" classname="com.example.ringapp.domain.engine.AnalyticsEngineTest" time="0.0"/>
  <testcase name="dailyScoreUsesNormalizedWeights" classname="com.example.ringapp.domain.engine.AnalyticsEngineTest" time="0.006"/>
  <system-out><![CDATA[]]></system-out>
  <system-err><![CDATA[]]></system-err>
</testsuite>
